<?xml version="1.0" encoding="UTF-8"?>
<coverage generated="1582830994698" clover="3.2.0">
  <project timestamp="1582830994698" name="All files">
    <metrics statements="10" coveredstatements="10" conditionals="6" coveredconditionals="6" methods="1" coveredmethods="1" elements="17" coveredelements="17" complexity="0" loc="10" ncloc="10" packages="1" files="1" classes="1"/>
    <file name="4_unique-in-order.js" path="/Users/chance/wip/tdd-js-katas/4_unique-in-order.js">
      <metrics statements="10" coveredstatements="10" conditionals="6" coveredconditionals="6" methods="1" coveredmethods="1"/>
      <line num="3" count="1" type="stmt"/>
      <line num="5" count="4" type="cond" truecount="2" falsecount="0"/>
      <line num="7" count="4" type="stmt"/>
      <line num="9" count="4" type="stmt"/>
      <line num="10" count="16" type="stmt"/>
      <line num="12" count="16" type="cond" truecount="2" falsecount="0"/>
      <line num="14" count="13" type="stmt"/>
      <line num="16" count="13" type="cond" truecount="2" falsecount="0"/>
      <line num="20" count="4" type="stmt"/>
      <line num="23" count="1" type="stmt"/>
    </file>
  </project>
</coverage>
