{"/Users/chance/wip/tdd-js-katas/4_unique-in-order.js": {"path":"/Users/chance/wip/tdd-js-katas/4_unique-in-order.js","statementMap":{"0":{"start":{"line":3,"column":20},"end":{"line":21,"column":1}},"1":{"start":{"line":5,"column":21},"end":{"line":5,"column":76}},"2":{"start":{"line":7,"column":16},"end":{"line":7,"column":18}},"3":{"start":{"line":9,"column":2},"end":{"line":18,"column":3}},"4":{"start":{"line":9,"column":15},"end":{"line":9,"column":16}},"5":{"start":{"line":10,"column":17},"end":{"line":10,"column":30}},"6":{"start":{"line":12,"column":4},"end":{"line":17,"column":5}},"7":{"start":{"line":12,"column":17},"end":{"line":12,"column":36}},"8":{"start":{"line":14,"column":19},"end":{"line":14,"column":36}},"9":{"start":{"line":16,"column":6},"end":{"line":16,"column":44}},"10":{"start":{"line":16,"column":25},"end":{"line":16,"column":44}},"11":{"start":{"line":20,"column":2},"end":{"line":20,"column":17}},"12":{"start":{"line":23,"column":0},"end":{"line":25,"column":2}}},"fnMap":{"0":{"name":"(anonymous_0)","decl":{"start":{"line":3,"column":20},"end":{"line":3,"column":21}},"loc":{"start":{"line":3,"column":39},"end":{"line":21,"column":1}},"line":3}},"branchMap":{"0":{"loc":{"start":{"line":5,"column":21},"end":{"line":5,"column":76}},"type":"cond-expr","locations":[{"start":{"line":5,"column":47},"end":{"line":5,"column":55}},{"start":{"line":5,"column":58},"end":{"line":5,"column":76}}],"line":5},"1":{"loc":{"start":{"line":12,"column":4},"end":{"line":17,"column":5}},"type":"if","locations":[{"start":{"line":12,"column":4},"end":{"line":17,"column":5}},{"start":{"line":12,"column":4},"end":{"line":17,"column":5}}],"line":12},"2":{"loc":{"start":{"line":16,"column":6},"end":{"line":16,"column":44}},"type":"if","locations":[{"start":{"line":16,"column":6},"end":{"line":16,"column":44}},{"start":{"line":16,"column":6},"end":{"line":16,"column":44}}],"line":16}},"s":{"0":1,"1":4,"2":4,"3":4,"4":4,"5":16,"6":16,"7":3,"8":13,"9":13,"10":7,"11":4,"12":1},"f":{"0":4},"b":{"0":[1,3],"1":[3,13],"2":[7,6]},"_coverageSchema":"1a1c01bbd47fc00a2c39e90264f33305004495a9","hash":"b182e95225d75fcd56afdea6574ba718218cff96"}
}
